[01:05:38] [Craft Scheduler Thread - 416/INFO]: [LibsDisguises] Now looking for update on Jenkins..
[08:48:05] [User Authenticator #225/INFO]: UUID of player Pastarmata is 3119a453-b77e-3ead-be80-2b0efe04f19f
[08:48:05] [Server thread/INFO]: Pastarmata[/78.83.72.164:59854] logged in with entity id 233208 at ([world]88.22991405421982, 69.0, -398.70192607133555)
[08:48:10] [Server thread/INFO]: Pastarmata lost connection: Disconnected
[08:48:10] [Server thread/INFO]: Pastarmata left the game
[10:47:25] [User Authenticator #226/INFO]: UUID of player Pastarmata is 3119a453-b77e-3ead-be80-2b0efe04f19f
[10:47:25] [Server thread/INFO]: Pastarmata[/78.83.72.164:64092] logged in with entity id 233509 at ([world]88.22991405421982, 69.0, -398.70192607133555)
[11:16:59] [Server thread/INFO]: Pastarmata lost connection: Disconnected
[11:16:59] [Server thread/INFO]: Pastarmata left the game
[11:22:27] [User Authenticator #227/INFO]: UUID of player Pastarmata is 3119a453-b77e-3ead-be80-2b0efe04f19f
[11:22:27] [Server thread/INFO]: Pastarmata[/78.83.72.164:62405] logged in with entity id 237890 at ([world]86.97780463034847, 68.0, 42.680112066954656)
[12:46:24] [Server thread/INFO]: Pastarmata lost connection: Disconnected
[12:46:24] [Server thread/INFO]: Pastarmata left the game
[13:02:38] [User Authenticator #228/INFO]: UUID of player Pastarmata is 3119a453-b77e-3ead-be80-2b0efe04f19f
[13:02:38] [Server thread/INFO]: Pastarmata[/78.83.72.164:56386] logged in with entity id 253040 at ([world]119.04609035860783, 72.0, 136.27740987058303)
[13:04:27] [Server thread/INFO]: Pastarmata lost connection: Disconnected
[13:04:27] [Server thread/INFO]: Pastarmata left the game
[13:04:31] [User Authenticator #229/INFO]: UUID of player Pastarmata is 3119a453-b77e-3ead-be80-2b0efe04f19f
[13:04:31] [Server thread/INFO]: Pastarmata[/78.83.72.164:62617] logged in with entity id 253426 at ([world]34.23778650312404, 62.24310529842128, 113.40015394162462)
[13:05:38] [Craft Scheduler Thread - 424/INFO]: [LibsDisguises] Now looking for update on Jenkins..
[13:05:52] [Server thread/INFO]: Pastarmata lost connection: Disconnected
[13:05:52] [Server thread/INFO]: Pastarmata left the game
[13:07:35] [User Authenticator #230/INFO]: UUID of player Pastarmata is 3119a453-b77e-3ead-be80-2b0efe04f19f
[13:07:35] [Server thread/INFO]: Pastarmata[/78.83.72.164:62637] logged in with entity id 253820 at ([world]104.09474099855339, 71.0, 93.53510869553051)
[13:12:49] [Server thread/INFO]: Pastarmata was slain by Zombified Piglin
[13:12:56] [Server thread/INFO]: Pastarmata lost connection: Disconnected
[13:12:56] [Server thread/INFO]: Pastarmata left the game
[14:54:20] [User Authenticator #231/INFO]: UUID of player Pastarmata is 3119a453-b77e-3ead-be80-2b0efe04f19f
[14:54:20] [Server thread/INFO]: Pastarmata[/78.83.72.164:57438] logged in with entity id 254986 at ([world]119.43405582925331, 72.0, 142.22115369904455)
[14:54:51] [Server thread/INFO]: Pastarmata lost connection: Disconnected
[14:54:51] [Server thread/INFO]: Pastarmata left the game
[14:54:53] [User Authenticator #232/INFO]: UUID of player Pastarmata is 3119a453-b77e-3ead-be80-2b0efe04f19f
[14:54:53] [Server thread/INFO]: Pastarmata[/78.83.72.164:57446] logged in with entity id 255086 at ([world]109.63910272483916, 72.19366615334314, 108.49702725664883)
[15:06:04] [Server thread/INFO]: Pastarmata fell from a high place
[15:08:11] [Server thread/INFO]: Pastarmata fell from a high place
[15:14:58] [Server thread/INFO]: Pastarmata fell from a high place
[15:15:47] [Server thread/INFO]: Pastarmata lost connection: Disconnected
[15:15:47] [Server thread/INFO]: Pastarmata left the game
[15:27:07] [User Authenticator #233/INFO]: UUID of player Pastarmata is 3119a453-b77e-3ead-be80-2b0efe04f19f
[15:27:08] [Server thread/INFO]: Pastarmata[/78.83.72.164:63485] logged in with entity id 260518 at ([world]65.92291665822268, 72.0, 180.86457041424902)
[15:27:59] [Server thread/INFO]: Pastarmata lost connection: Disconnected
[15:27:59] [Server thread/INFO]: Pastarmata left the game
[15:28:54] [User Authenticator #234/INFO]: UUID of player Pastarmata is 3119a453-b77e-3ead-be80-2b0efe04f19f
[15:28:54] [Server thread/INFO]: Pastarmata[/78.83.72.164:61514] logged in with entity id 260687 at ([world]68.62258505959993, 88.0, 185.03443420188825)
[15:30:17] [Server thread/INFO]: Pastarmata was slain by Zombie
[15:30:27] [Server thread/INFO]: Pastarmata lost connection: Disconnected
[15:30:27] [Server thread/INFO]: Pastarmata left the game
[15:43:53] [User Authenticator #235/INFO]: UUID of player Pastarmata is 3119a453-b77e-3ead-be80-2b0efe04f19f
[15:43:53] [Server thread/INFO]: Pastarmata[/78.83.72.164:63561] logged in with entity id 260958 at ([world]118.30000001192093, 73.0, 140.56374013991348)
[15:44:27] [Server thread/INFO]: Pastarmata lost connection: Disconnected
[15:44:27] [Server thread/INFO]: Pastarmata left the game
[15:49:36] [User Authenticator #236/INFO]: UUID of player Pastarmata is 3119a453-b77e-3ead-be80-2b0efe04f19f
[15:49:36] [Server thread/INFO]: Pastarmata[/78.83.72.164:59276] logged in with entity id 261060 at ([world]119.85887566434954, 72.0, 141.81979256349166)
[15:50:09] [Server thread/INFO]: Pastarmata lost connection: Disconnected
[15:50:09] [Server thread/INFO]: Pastarmata left the game
[15:50:41] [User Authenticator #237/INFO]: UUID of player Pastarmata is 3119a453-b77e-3ead-be80-2b0efe04f19f
[15:50:42] [Server thread/INFO]: Pastarmata[/84.238.150.143:57052] logged in with entity id 261153 at ([world]120.0244839086882, 73.0, 147.69999998807907)
[15:50:52] [Server thread/INFO]: Pastarmata was slain by Zombie
[15:51:21] [Server thread/INFO]: Pastarmata was slain by Zombie
[15:51:27] [Server thread/INFO]: Made Pastarmata a server operator
[15:51:40] [Server thread/INFO]: Pastarmata issued server command: /top
[15:51:42] [Server thread/INFO]: Pastarmata issued server command: /gm 1
[15:52:03] [Server thread/INFO]: Pastarmata issued server command: /back
[15:52:07] [Server thread/INFO]: Pastarmata issued server command: /back
[15:52:08] [Server thread/INFO]: Pastarmata issued server command: /back
[15:52:08] [Server thread/INFO]: Pastarmata issued server command: /back
[15:54:18] [Server thread/INFO]: Pastarmata issued server command: /tp 68 88 185
[15:55:57] [Server thread/INFO]: Pastarmata issued server command: /tp 109 72 108
[15:56:06] [Server thread/INFO]: Pastarmata issued server command: /ec
[15:57:19] [Server thread/INFO]: Pastarmata issued server command: /tp 34 62 113
[15:57:37] [Server thread/INFO]: Pastarmata issued server command: /tp 86 68 42
[16:08:40] [Server thread/INFO]: Pastarmata issued server command: /give Pastarmata 100l
[16:09:07] [Server thread/INFO]: Pastarmata issued server command: /xp set Pastarmata 22l
[16:09:10] [Server thread/INFO]: Pastarmata issued server command: /gm 0
[16:09:14] [Server thread/INFO]: Pastarmata issued server command: /top
[16:09:15] [Server thread/INFO]: Pastarmata issued server command: /fly
[16:09:18] [Server thread/INFO]: Pastarmata issued server command: /weather clear
[16:09:22] [Server thread/INFO]: Pastarmata issued server command: /time set day
[16:09:24] [User Authenticator #238/INFO]: UUID of player Pastarmata is 3119a453-b77e-3ead-be80-2b0efe04f19f
[16:09:24] [Server thread/INFO]: Pastarmata lost connection: You logged in from another location
[16:09:24] [Server thread/INFO]: Pastarmata left the game
[16:09:24] [Server thread/INFO]: Pastarmata[/78.83.72.164:63633] logged in with entity id 263300 at ([world]121.5, 81.0, 152.5)
[16:09:39] [Server thread/INFO]: Pastarmata lost connection: Disconnected
[16:09:39] [Server thread/INFO]: Pastarmata left the game
[16:10:53] [User Authenticator #239/INFO]: UUID of player Pastarmata is 3119a453-b77e-3ead-be80-2b0efe04f19f
[16:10:53] [Server thread/INFO]: Pastarmata[/78.83.72.164:63643] logged in with entity id 263321 at ([world]121.5, 81.0, 152.5)
[16:10:55] [Server thread/INFO]: Made Pastarmata no longer a server operator
[16:11:09] [Server thread/INFO]: CONSOLE issued server command: /give Pastarmata diamond_pickaxe 1
[16:11:09] [Server thread/INFO]: [0;33;22mGiving[0;31;1m 1 [0;33;22mof[0;31;1m diamond pickaxe [0;33;22mto[0;31;1m [0;31;22mPastarmata[m[0;33;22m.[m
[16:11:19] [Server thread/INFO]: CONSOLE issued server command: /give Pastarmata iron_sword 1
[16:11:19] [Server thread/INFO]: [0;33;22mGiving[0;31;1m 1 [0;33;22mof[0;31;1m iron sword [0;33;22mto[0;31;1m [0;31;22mPastarmata[m[0;33;22m.[m
[16:11:25] [Server thread/INFO]: Pastarmata lost connection: Disconnected
[16:11:25] [Server thread/INFO]: Pastarmata left the game
[16:21:01] [User Authenticator #240/INFO]: UUID of player Pastarmata is 3119a453-b77e-3ead-be80-2b0efe04f19f
[16:21:01] [Server thread/INFO]: Pastarmata[/78.83.72.164:63667] logged in with entity id 263422 at ([world]117.11345627379305, 75.0, 104.68481350792389)
[16:25:30] [User Authenticator #241/INFO]: UUID of player Lencher is b0ed2a9a-da9a-3df7-9717-6c2fd43c0b0e
[16:25:30] [Server thread/INFO]: Lencher[/84.238.150.143:57476] logged in with entity id 264141 at ([world]206.69999998807907, 63.0, -1103.300000011921)
[16:25:46] [Server thread/INFO]: Lencher issued server command: /tp Pastarmata
[16:25:51] [Server thread/INFO]: Pastarmata issued server command: /Ğ¹Ğ°Ğ½Ğ³Ğ¸Ñ
[16:25:57] [Async Chat Thread - #40/INFO]: <Pastarmata> jangia[m
[16:26:05] [Async Chat Thread - #40/INFO]: <Pastarmata> jangis[m
[16:26:08] [Server thread/INFO]: Lencher issued server command: /killall monsters world
[16:27:01] [Server thread/INFO]: Lencher issued server command: /gm 1
[16:27:11] [Server thread/INFO]: Lencher issued server command: /gm 0
[16:27:49] [Server thread/INFO]: Pastarmata issued server command: /jangis
[16:27:53] [Async Chat Thread - #41/INFO]: <Pastarmata> jangis[m
[16:27:54] [Server thread/INFO]: Lencher issued server command: /killall monsters world
[16:28:00] [Server thread/INFO]: Lencher issued server command: /heal
[16:28:25] [Server thread/INFO]: Lencher issued server command: /invsee Pastarmata
[16:29:30] [Server thread/INFO]: Lencher issued server command: /invsee Pastarmata
[16:30:32] [Server thread/INFO]: Lencher issued server command: /invsee Pastarmata
[16:31:01] [Server thread/INFO]: Lencher issued server command: /give Lencher acacia_fence 3
[16:33:05] [Server thread/INFO]: Lencher issued server command: /heal
[16:33:26] [Server thread/INFO]: Lencher issued server command: /ec
[16:33:49] [Server thread/INFO]: Lencher issued server command: /invsee Pastarmata
[16:34:09] [Server thread/INFO]: Lencher issued server command: /invsee Pastarmata
[16:36:43] [Server thread/INFO]: Lencher issued server command: /heal
[16:39:33] [Server thread/INFO]: Lencher issued server command: /heal
[16:40:53] [Async Chat Thread - #42/INFO]: <Pastarmata> oh pikae mi se[m
[16:40:58] [Server thread/INFO]: Lencher issued server command: /time set day
[16:41:06] [Async Chat Thread - #42/INFO]: <[0;31;22m~jangis[m> oh pikai mi sa[m
[16:41:08] [Async Chat Thread - #42/INFO]: <Pastarmata> oh pikae mi sa[m
[16:41:11] [Async Chat Thread - #42/INFO]: <[0;31;22m~jangis[m> oh pikai mi sa[m
[16:41:11] [Async Chat Thread - #42/INFO]: <[0;31;22m~jangis[m> oh pikai mi sa[m
[16:41:19] [Async Chat Thread - #42/INFO]: <Pastarmata> oh pikai mi sa[m
[16:41:21] [Async Chat Thread - #42/INFO]: <Pastarmata> oh pikai mi sa[m
[16:41:21] [Async Chat Thread - #42/INFO]: <Pastarmata> oh pikai mi sa[m
[16:41:22] [Async Chat Thread - #42/INFO]: <Pastarmata> oh pikai mi sa[m
[16:41:23] [Async Chat Thread - #42/INFO]: <Pastarmata> oh pikai mi sa[m
[16:41:25] [Async Chat Thread - #42/INFO]: <Pastarmata> oh pikai mi sa[m
[16:41:26] [Async Chat Thread - #42/INFO]: <Pastarmata> oh pikai mi sa[m
[16:41:26] [Async Chat Thread - #42/INFO]: <Pastarmata> oh pikai mi sa[m
[16:41:41] [Server thread/INFO]: Lencher issued server command: /time set day
[16:41:44] [Server thread/INFO]: Lencher issued server command: /heal
[16:41:48] [Server thread/INFO]: Lencher issued server command: /fix all
[16:42:09] [Server thread/INFO]: Lencher has made the advancement [Voluntary Exile]
[16:42:24] [Server thread/INFO]: Lencher issued server command: /effect clear
[16:42:24] [Server thread/INFO]: [Lencher: Removed every effect from Lencher]
[16:42:42] [Server thread/INFO]: Lencher issued server command: /heal
[16:42:43] [Server thread/INFO]: Lencher has made the advancement [Ol' Betsy]
[16:43:12] [Server thread/INFO]: Lencher has made the advancement [Take Aim]
[16:43:29] [Server thread/INFO]: Lencher issued server command: /give Lencher arror
[16:43:31] [Server thread/INFO]: Lencher issued server command: /give Lencher arrow
[16:43:53] [Server thread/INFO]: Lencher issued server command: /heal
[16:43:54] [Server thread/INFO]: Lencher issued server command: /fix all
[16:44:42] [Server thread/INFO]: Lencher issued server command: /heal
[16:44:55] [Server thread/INFO]: Lencher issued server command: /heal
[16:45:23] [Server thread/INFO]: Lencher issued server command: /heal
[16:46:47] [Server thread/INFO]: Pastarmata was shot by Pastarmata
[16:48:45] [Server thread/INFO]: Lencher issued server command: /kick Pastarmata swearing saying f word
[16:48:45] [Server thread/INFO]: Pastarmata lost connection: swearing saying f word
[16:48:45] [Server thread/INFO]: Pastarmata left the game
[16:48:45] [Server thread/INFO]: Â§6PlayerÂ§c Â§4~jangisÂ§r Â§6kickedÂ§c PastarmataÂ§6 forÂ§c swearing saying f wordÂ§6.
[16:48:54] [User Authenticator #242/INFO]: UUID of player Pastarmata is 3119a453-b77e-3ead-be80-2b0efe04f19f
[16:48:54] [Server thread/INFO]: Pastarmata[/78.83.72.164:63697] logged in with entity id 269489 at ([world]102.85963093600702, 72.0, 119.91961401947988)
[16:49:35] [Server thread/INFO]: Lencher issued server command: /op Pastarmata
[16:49:36] [Server thread/INFO]: [Lencher: Made Pastarmata a server operator]
[16:49:54] [Server thread/INFO]: Pastarmata issued server command: /kick Lencher because his wife is *f*
[16:49:54] [Server thread/INFO]: Lencher lost connection: because his wife is *f*
[16:49:54] [Server thread/INFO]: Lencher left the game
[16:49:54] [Server thread/INFO]: Â§6PlayerÂ§c Pastarmata Â§6kickedÂ§c LencherÂ§6 forÂ§c because his wife is *f*Â§6.
[16:50:01] [User Authenticator #243/INFO]: UUID of player Lencher is b0ed2a9a-da9a-3df7-9717-6c2fd43c0b0e
[16:50:01] [Server thread/INFO]: Lencher[/84.238.150.143:57634] logged in with entity id 269673 at ([world]104.70363296931292, 73.5, 109.92500001192093)
[16:50:07] [Server thread/INFO]: Lencher issued server command: /deop Pastarmata
[16:50:07] [Server thread/INFO]: [Lencher: Made Pastarmata no longer a server operator]
[16:50:10] [Server thread/INFO]: Lencher issued server command: /ban
[16:50:25] [Server thread/INFO]: Lencher issued server command: /ban Pastarmata 1s JANGIS
[16:50:25] [Server thread/INFO]: Pastarmata lost connection: You have been banned:
1s JANGIS
[16:50:25] [Server thread/INFO]: Pastarmata left the game
[16:50:25] [Server thread/INFO]: Â§6PlayerÂ§c Â§4~jangisÂ§r Â§6bannedÂ§c Pastarmata Â§6for: Â§cÂ§cYou have been banned:
Â§r1s JANGISÂ§6.
[16:50:32] [User Authenticator #244/INFO]: UUID of player Pastarmata is 3119a453-b77e-3ead-be80-2b0efe04f19f
[16:50:32] [Server thread/INFO]: Disconnecting com.mojang.authlib.GameProfile@6a05377b[id=3119a453-b77e-3ead-be80-2b0efe04f19f,name=Pastarmata,properties={},legacy=false] (/78.83.72.164:63709): You are banned from this server. Reason: 1s JANGIS
[16:50:32] [Server thread/INFO]: com.mojang.authlib.GameProfile@6a05377b[id=3119a453-b77e-3ead-be80-2b0efe04f19f,name=Pastarmata,properties={},legacy=false] (/78.83.72.164:63709) lost connection: You are banned from this server. Reason: 1s JANGIS
[16:50:36] [Server thread/INFO]: Lencher issued server command: /pardon Pastarmata
[16:50:36] [Server thread/INFO]: Â§6PlayerÂ§c Â§4~jangisÂ§r Â§6unbannedÂ§c Pastarmata
[16:50:40] [User Authenticator #245/INFO]: UUID of player Pastarmata is 3119a453-b77e-3ead-be80-2b0efe04f19f
[16:50:41] [Server thread/INFO]: Pastarmata[/78.83.72.164:63715] logged in with entity id 269810 at ([world]106.92500001192093, 72.0, 113.33081498533859)
[16:51:25] [Server thread/INFO]: Lencher issued server command: /heal
[16:51:35] [Server thread/INFO]: Lencher issued server command: /heal
[16:51:37] [Server thread/INFO]: Lencher issued server command: /heal
[16:51:38] [Server thread/INFO]: Lencher issued server command: /heal
[16:51:39] [Server thread/INFO]: Lencher issued server command: /heal
[16:51:40] [Server thread/INFO]: Lencher issued server command: /heal
[16:51:40] [Server thread/INFO]: Lencher issued server command: /heal
[16:51:41] [Server thread/INFO]: Lencher issued server command: /heal
[16:51:42] [Server thread/INFO]: Lencher issued server command: /heal
[16:51:43] [Server thread/INFO]: Lencher issued server command: /heal
[16:51:43] [Server thread/INFO]: Lencher issued server command: /heal
[16:51:44] [Server thread/INFO]: Lencher issued server command: /heal
[16:51:44] [Server thread/INFO]: Lencher issued server command: /heal
[16:51:45] [Server thread/INFO]: Lencher issued server command: /heal
[16:51:45] [Server thread/INFO]: Lencher issued server command: /heal
[16:51:46] [Server thread/INFO]: Lencher issued server command: /heal
[16:51:47] [Server thread/INFO]: Lencher issued server command: /heal
[16:51:47] [Server thread/INFO]: Lencher issued server command: /heal
[16:51:48] [Server thread/INFO]: Lencher issued server command: /heal
[16:51:48] [Server thread/INFO]: Lencher issued server command: /heal
[16:51:49] [Server thread/INFO]: Lencher issued server command: /heal
[16:51:49] [Server thread/INFO]: Lencher issued server command: /heal
[16:51:51] [Server thread/INFO]: Lencher issued server command: /heal
[16:51:53] [Server thread/INFO]: Lencher issued server command: /heal
[16:51:54] [Server thread/INFO]: Lencher issued server command: /heal
[16:51:55] [Server thread/INFO]: Lencher issued server command: /top
[16:52:00] [Server thread/INFO]: Lencher issued server command: /heal
[16:52:06] [Server thread/INFO]: Lencher issued server command: /kick Pastarmata mogus
[16:52:06] [Server thread/INFO]: Pastarmata lost connection: mogus
[16:52:06] [Server thread/INFO]: Pastarmata left the game
[16:52:06] [Server thread/INFO]: Â§6PlayerÂ§c Â§4~jangisÂ§r Â§6kickedÂ§c PastarmataÂ§6 forÂ§c mogusÂ§6.
[16:52:09] [User Authenticator #246/INFO]: UUID of player Pastarmata is 3119a453-b77e-3ead-be80-2b0efe04f19f
[16:52:09] [Server thread/INFO]: Pastarmata[/78.83.72.164:63723] logged in with entity id 270146 at ([world]105.05951409826409, 73.10131520987476, 108.22688797691349)
[16:53:13] [Server thread/INFO]: Lencher issued server command: /heal
[16:53:14] [Server thread/INFO]: Lencher issued server command: /kick Pastarmata mogus
[16:53:14] [Server thread/INFO]: Pastarmata lost connection: mogus
[16:53:14] [Server thread/INFO]: Pastarmata left the game
[16:53:14] [Server thread/INFO]: Â§6PlayerÂ§c Â§4~jangisÂ§r Â§6kickedÂ§c PastarmataÂ§6 forÂ§c mogusÂ§6.
[16:53:16] [Server thread/INFO]: Lencher issued server command: /heal
[16:53:16] [User Authenticator #247/INFO]: UUID of player Pastarmata is 3119a453-b77e-3ead-be80-2b0efe04f19f
[16:53:17] [Server thread/INFO]: Pastarmata[/78.83.72.164:63727] logged in with entity id 270359 at ([world]98.22726754518808, 73.25521960176278, 116.07499998807907)
[16:53:30] [Server thread/INFO]: Lencher issued server command: /heal
[16:53:35] [Server thread/INFO]: Lencher issued server command: /heal
[16:53:37] [Server thread/INFO]: Lencher issued server command: /top
[16:53:38] [Server thread/INFO]: Lencher issued server command: /top
[16:53:39] [Server thread/INFO]: Lencher issued server command: /heal
[16:53:41] [Server thread/INFO]: Lencher issued server command: /fly
[16:53:47] [Server thread/INFO]: Lencher issued server command: /v
[16:53:48] [Server thread/INFO]: Lencher issued server command: /fly
[16:53:49] [Server thread/INFO]: Lencher fell from a high place
[16:53:54] [Server thread/INFO]: Lencher issued server command: /fly
[16:54:09] [Server thread/INFO]: Lencher issued server command: /kick Pastarmata Smee se
[16:54:09] [Server thread/INFO]: Pastarmata lost connection: Smee se
[16:54:09] [Server thread/INFO]: Pastarmata left the game
[16:54:09] [Server thread/INFO]: Â§6PlayerÂ§c Â§4~jangisÂ§r Â§6kickedÂ§c PastarmataÂ§6 forÂ§c Smee seÂ§6.
[16:54:13] [User Authenticator #248/INFO]: UUID of player Pastarmata is 3119a453-b77e-3ead-be80-2b0efe04f19f
[16:54:13] [Server thread/INFO]: Pastarmata[/78.83.72.164:63739] logged in with entity id 270626 at ([world]109.25583423176255, 72.0, 110.13357172959556)
[16:54:18] [Async Chat Thread - #43/INFO]: <Pastarmata> idiot[m
[16:54:24] [Server thread/INFO]: Lencher issued server command: /fly
[16:54:58] [Server thread/INFO]: Lencher issued server command: /v
[16:55:00] [Server thread/INFO]: Lencher issued server command: /v
[16:55:11] [Server thread/INFO]: Lencher issued server command: /morph Lencher
[16:55:14] [Async Chat Thread - #43/INFO]: <Pastarmata> jangis.com[m
[16:55:16] [Server thread/INFO]: Lencher issued server command: /morph Lencher pig
[16:55:21] [Server thread/INFO]: Lencher issued server command: /morph
[16:55:33] [Server thread/INFO]: Lencher issued server command: /v
[16:55:55] [Server thread/INFO]: Lencher was slain by Pastarmata
[16:56:00] [Server thread/INFO]: Lencher issued server command: /invsee Pastarmata
[16:56:25] [Server thread/INFO]: Lencher issued server command: /invsee
[16:56:27] [Server thread/INFO]: Lencher issued server command: /invsee Pastarmata
[16:57:10] [Server thread/INFO]: Lencher issued server command: /effect clear
[16:57:37] [Server thread/INFO]: Lencher issued server command: /fix all
[16:57:50] [Server thread/INFO]: Lencher issued server command: /fix all
[16:58:13] [Server thread/INFO]: Pastarmata was slain by Lencher
[16:58:21] [Server thread/INFO]: Lencher issued server command: /heal
[16:58:36] [Server thread/INFO]: Lencher issued server command: /fix all
[17:00:39] [Server thread/INFO]: Lencher issued server command: /tp Pastarmata
[17:02:19] [Server thread/INFO]: Lencher issued server command: /v
[17:02:37] [Server thread/INFO]: Lencher issued server command: /tp Pastarmata
[17:02:39] [Server thread/INFO]: Lencher issued server command: /v
[17:02:51] [Server thread/INFO]: Lencher issued server command: /fix all
[17:02:53] [Server thread/INFO]: Lencher issued server command: /heal
[17:03:20] [Server thread/INFO]: Pastarmata was slain by Lencher
[17:03:24] [Server thread/INFO]: Lencher issued server command: /heal
[17:03:47] [Server thread/INFO]: Lencher was slain by Pastarmata
[17:03:52] [Server thread/INFO]: Lencher issued server command: /tp Pastarmata
[17:03:57] [Server thread/INFO]: Lencher issued server command: /fix all
[17:04:46] [Server thread/INFO]: Pastarmata was slain by Lencher
[17:04:54] [Server thread/INFO]: Lencher issued server command: /heal
[17:05:30] [Server thread/INFO]: Lencher issued server command: /give Lencher acacia_fence 5
[17:05:44] [Server thread/INFO]: Lencher issued server command: /give Lencher acacia_fence 5
[17:05:52] [Server thread/INFO]: Lencher issued server command: /give Lencher acacia_fence 5
[17:06:09] [Server thread/INFO]: Lencher issued server command: /give Lencher acacia_fence 5
[17:06:16] [Server thread/INFO]: Lencher issued server command: /give Lencher acacia_fence 5
[17:06:25] [Server thread/INFO]: Lencher issued server command: /give Lencher acacia_fence 5
[17:06:49] [Server thread/INFO]: Lencher issued server command: /give Lencher acacia_fence 10
[17:07:05] [Server thread/INFO]: Lencher issued server command: /give Lencher acacia_fence 10
[17:07:23] [Server thread/INFO]: Lencher issued server command: /give Lencher acacia_fence 20
[17:08:10] [Server thread/INFO]: Lencher issued server command: /fix all
[17:08:12] [Server thread/INFO]: Lencher issued server command: /heal
[17:08:13] [Server thread/INFO]: Lencher issued server command: /heal *
[17:08:26] [Server thread/INFO]: Pastarmata was slain by Lencher
[17:08:33] [Server thread/INFO]: Lencher issued server command: /tphere Pastarmata
[17:08:40] [Server thread/INFO]: Lencher issued server command: /tphere Pastarmata
[17:08:43] [Server thread/INFO]: Lencher issued server command: /heal
[17:08:45] [Server thread/INFO]: Lencher was slain by Pastarmata
[17:08:50] [Server thread/INFO]: Lencher issued server command: /tp Pastarmata
[17:08:55] [Server thread/INFO]: Lencher issued server command: /invsee Pastarmata
[17:09:09] [Server thread/INFO]: Lencher was slain by Pastarmata
[17:09:16] [Server thread/INFO]: Lencher issued server command: /tp Pastarmata
[17:09:22] [Server thread/INFO]: Lencher issued server command: /fix all
[17:09:26] [Server thread/INFO]: Lencher issued server command: /heal *
[17:09:41] [Server thread/INFO]: Lencher was slain by Pastarmata
[17:09:52] [Server thread/INFO]: Lencher issued server command: /tp Pastarmata
[17:09:57] [Server thread/INFO]: Lencher issued server command: /fix all
[17:10:05] [Server thread/INFO]: Lencher issued server command: /heal *
[17:10:15] [Server thread/INFO]: Lencher was slain by Pastarmata
[17:10:20] [Server thread/INFO]: Lencher issued server command: /tp Pastarmata
[17:10:36] [Server thread/INFO]: Lencher issued server command: /heal *
[17:10:47] [Server thread/INFO]: Lencher was slain by Pastarmata
[17:10:52] [Server thread/INFO]: Lencher issued server command: /tp Pastarmata
[17:10:57] [Server thread/INFO]: Lencher issued server command: /fix all
[17:11:08] [Server thread/INFO]: Pastarmata issued server command: /heal
[17:11:08] [Server thread/INFO]: Â§cPastarmata Â§4was denied access to command.
[17:11:23] [Server thread/INFO]: Lencher was slain by Pastarmata
[17:11:28] [Server thread/INFO]: Lencher issued server command: /tp Pastarmata
[17:11:33] [Server thread/INFO]: Lencher issued server command: /fix all
[17:11:57] [Server thread/INFO]: Pastarmata was slain by Lencher
[17:12:06] [Server thread/INFO]: Lencher issued server command: /tphere Pastarmata
[17:12:11] [Server thread/INFO]: Lencher issued server command: /heal
[17:12:14] [Server thread/INFO]: Lencher issued server command: /heal *
[17:12:23] [Server thread/INFO]: Lencher was slain by Pastarmata
[17:12:28] [Server thread/INFO]: Lencher issued server command: /tp Pastarmata
[17:12:46] [Server thread/INFO]: Lencher issued server command: /time set day
[17:13:07] [Server thread/INFO]: Lencher was slain by Pastarmata
[17:13:11] [Server thread/INFO]: Lencher issued server command: /tp Pastarmata
[17:13:24] [Server thread/INFO]: Pastarmata was slain by Lencher
[17:13:28] [Server thread/INFO]: Lencher issued server command: /heal
[17:13:41] [Server thread/INFO]: Lencher issued server command: /tp Pastarmata
[17:13:45] [Server thread/INFO]: Lencher issued server command: /fly
[17:14:33] [Server thread/INFO]: Lencher was slain by Pastarmata
[17:14:37] [Server thread/INFO]: Lencher issued server command: /tp Pastarmata
[17:14:48] [Server thread/INFO]: Lencher issued server command: /tempban Pastarmata 1s mogus
[17:14:48] [Server thread/INFO]: Pastarmata lost connection: You have been temporarily banned for 1 second:
mogus
[17:14:48] [Server thread/INFO]: Pastarmata left the game
[17:14:48] [Server thread/INFO]: Â§6Player Â§cÂ§4~jangisÂ§rÂ§6 temporarily banned Â§cPastarmataÂ§6 for Â§c1 secondÂ§6: Â§cmogusÂ§6.
[17:14:54] [User Authenticator #249/INFO]: UUID of player Pastarmata is 3119a453-b77e-3ead-be80-2b0efe04f19f
[17:14:54] [Server thread/WARN]: Failed to handle packet for /78.83.72.164:63771
java.lang.NullPointerException: Cannot invoke "net.minecraft.server.players.GameProfileBanEntry.f()" because the return value of "net.minecraft.server.players.GameProfileBanList.b(Object)" is null
	at net.minecraft.server.players.PlayerList.canPlayerLogin(PlayerList.java:586) ~[spigot-1.18.1-R0.1-SNAPSHOT.jar:3363-Spigot-f65de01-e36f759]
	at net.minecraft.server.network.LoginListener.c(LoginListener.java:156) ~[spigot-1.18.1-R0.1-SNAPSHOT.jar:3363-Spigot-f65de01-e36f759]
	at net.minecraft.server.network.LoginListener.b(LoginListener.java:74) ~[spigot-1.18.1-R0.1-SNAPSHOT.jar:3363-Spigot-f65de01-e36f759]
	at net.minecraft.network.NetworkManager.a(NetworkManager.java:246) ~[spigot-1.18.1-R0.1-SNAPSHOT.jar:3363-Spigot-f65de01-e36f759]
	at net.minecraft.server.network.ServerConnection.c(ServerConnection.java:172) ~[spigot-1.18.1-R0.1-SNAPSHOT.jar:3363-Spigot-f65de01-e36f759]
	at net.minecraft.server.MinecraftServer.b(MinecraftServer.java:1322) ~[spigot-1.18.1-R0.1-SNAPSHOT.jar:3363-Spigot-f65de01-e36f759]
	at net.minecraft.server.dedicated.DedicatedServer.b(DedicatedServer.java:428) ~[spigot-1.18.1-R0.1-SNAPSHOT.jar:3363-Spigot-f65de01-e36f759]
	at net.minecraft.server.MinecraftServer.a(MinecraftServer.java:1206) ~[spigot-1.18.1-R0.1-SNAPSHOT.jar:3363-Spigot-f65de01-e36f759]
	at net.minecraft.server.MinecraftServer.w(MinecraftServer.java:1034) ~[spigot-1.18.1-R0.1-SNAPSHOT.jar:3363-Spigot-f65de01-e36f759]
	at net.minecraft.server.MinecraftServer.lambda$0(MinecraftServer.java:304) ~[spigot-1.18.1-R0.1-SNAPSHOT.jar:3363-Spigot-f65de01-e36f759]
	at java.lang.Thread.run(Thread.java:833) [?:?]
[17:14:54] [Server thread/INFO]: com.mojang.authlib.GameProfile@738fcc42[id=3119a453-b77e-3ead-be80-2b0efe04f19f,name=Pastarmata,properties={},legacy=false] (/78.83.72.164:63771) lost connection: Internal server error
[17:15:01] [User Authenticator #250/INFO]: UUID of player Pastarmata is 3119a453-b77e-3ead-be80-2b0efe04f19f
[17:15:01] [Server thread/INFO]: Pastarmata[/78.83.72.164:63783] logged in with entity id 273055 at ([world]126.18466722771686, 79.0, 120.07499998807907)
[17:15:09] [Server thread/INFO]: Lencher issued server command: /fix all
[17:15:32] [Server thread/INFO]: Lencher was slain by Pastarmata
[17:15:46] [Server thread/INFO]: Lencher issued server command: /tp Pastarmata
[17:15:51] [Server thread/INFO]: Lencher issued server command: /fix all
[17:15:58] [Server thread/INFO]: Lencher issued server command: /tp Pastarmata
[17:16:42] [Server thread/INFO]: Lencher issued server command: /fly
[17:16:46] [Server thread/INFO]: Lencher issued server command: /fly
[17:16:58] [Server thread/INFO]: Lencher issued server command: /heal *
[17:17:14] [Server thread/INFO]: Pastarmata was slain by Lencher
[17:17:19] [Server thread/INFO]: Lencher issued server command: /heal
[17:17:24] [Server thread/INFO]: Lencher issued server command: /fly
[17:17:26] [Server thread/INFO]: Lencher issued server command: /ec
[17:17:36] [Server thread/INFO]: Lencher issued server command: /give Lencher lapis_lazuli 6
[17:17:51] [Server thread/INFO]: Lencher issued server command: /xp set Lencher 100l
[17:18:18] [Server thread/INFO]: Pastarmata lost connection: Disconnected
[17:18:18] [Server thread/INFO]: Pastarmata left the game
[17:18:20] [Server thread/INFO]: Lencher issued server command: /enchant alldamage
[17:18:20] [User Authenticator #251/INFO]: UUID of player Pastarmata is 3119a453-b77e-3ead-be80-2b0efe04f19f
[17:18:20] [Server thread/INFO]: Pastarmata[/78.83.72.164:64922] logged in with entity id 273367 at ([world]123.30883915063818, 78.0, 128.07499998807907)
[17:18:23] [Server thread/INFO]: Lencher issued server command: /tphere Pastarmata
[17:18:32] [Server thread/INFO]: Lencher issued server command: /xp set * 100l
[17:18:43] [Server thread/INFO]: Lencher issued server command: /give Lencher lapis_lazuli 6
[17:19:00] [Server thread/INFO]: Lencher issued server command: /enchant alldamage
[17:19:08] [Server thread/INFO]: Lencher issued server command: /enchant alldamage 5
[17:19:16] [Server thread/INFO]: Lencher issued server command: /xp clear *
[17:19:22] [Server thread/INFO]: Lencher issued server command: /xp reset *
[17:19:26] [Server thread/INFO]: Lencher issued server command: /fly
[17:19:29] [Server thread/INFO]: Lencher issued server command: /fly
[17:19:33] [Server thread/INFO]: Lencher issued server command: /tphere Pastarmata
[17:19:35] [Server thread/INFO]: Lencher issued server command: /heal
[17:19:44] [Server thread/INFO]: Pastarmata was slain by Lencher
[17:19:49] [Server thread/INFO]: Lencher issued server command: /fix all
[17:19:50] [Server thread/INFO]: Lencher issued server command: /heal
[17:19:56] [Server thread/INFO]: Lencher issued server command: /tphere Pastarmata
[17:20:06] [Server thread/INFO]: Lencher was slain by Pastarmata
[17:20:12] [Server thread/INFO]: Lencher issued server command: /tp Pastarmata
[17:20:16] [Server thread/INFO]: Lencher issued server command: /invsee Pastarmata
[17:20:34] [Server thread/INFO]: Lencher issued server command: /heal *
[17:20:42] [Server thread/INFO]: Pastarmata was slain by Lencher
[17:20:46] [Server thread/WARN]: Pastarmata was kicked for floating too long!
[17:20:46] [Server thread/INFO]: Pastarmata lost connection: Flying is not enabled on this server
[17:20:46] [Server thread/INFO]: Pastarmata left the game
[17:20:46] [Server thread/WARN]: handleDisconnection() called twice
[17:20:54] [User Authenticator #252/INFO]: UUID of player Pastarmata is 3119a453-b77e-3ead-be80-2b0efe04f19f
[17:20:54] [Server thread/INFO]: Pastarmata[/78.83.72.164:63799] logged in with entity id 273638 at ([world]123.99364766047273, 78.0, 119.99611085045929)
[17:20:55] [Server thread/INFO]: Skipping update from removed player 'EntityPlayer['Pastarmata'/273638, l='ServerLevel[world]', x=123.99, y=78.00, z=120.00, removed=KILLED](Pastarmata at 123.99364766047273,78.0,119.99611085045929)'
[17:21:05] [Server thread/INFO]: Lencher issued server command: /tphere Pastarmata
[17:21:10] [Server thread/INFO]: Lencher issued server command: /heal *
[17:21:16] [Server thread/INFO]: Pastarmata was slain by Lencher
[17:21:20] [Server thread/WARN]: Pastarmata was kicked for floating too long!
[17:21:20] [Server thread/INFO]: Pastarmata lost connection: Flying is not enabled on this server
[17:21:20] [Server thread/INFO]: Pastarmata left the game
[17:21:20] [Server thread/WARN]: handleDisconnection() called twice
[17:21:27] [User Authenticator #253/INFO]: UUID of player Pastarmata is 3119a453-b77e-3ead-be80-2b0efe04f19f
[17:21:28] [Server thread/INFO]: Pastarmata[/78.83.72.164:64942] logged in with entity id 273696 at ([world]122.65950607677577, 78.0, 121.00938646716804)
[17:21:29] [Server thread/INFO]: Skipping update from removed player 'EntityPlayer['Pastarmata'/273696, l='ServerLevel[world]', x=122.66, y=78.00, z=121.01, removed=KILLED](Pastarmata at 122.65950607677577,78.0,121.00938646716804)'
[17:21:34] [Server thread/INFO]: Lencher issued server command: /tphere Pastarmata
[17:21:34] [Server thread/INFO]: Lencher issued server command: /heal *
[17:21:42] [Server thread/INFO]: Pastarmata was slain by Lencher
[17:21:55] [Server thread/INFO]: Lencher issued server command: /tphere Pastarmata
[17:22:09] [Server thread/INFO]: Lencher issued server command: /enchantment remove
[17:22:24] [Server thread/INFO]: Lencher issued server command: /fly
[17:22:32] [Server thread/INFO]: Lencher issued server command: /fly Pastarmata
[17:22:53] [Server thread/INFO]: Lencher issued server command: /invsee Pastarmata
[17:23:08] [Server thread/INFO]: Lencher issued server command: /tp Pastarmata
[17:23:11] [Server thread/INFO]: Lencher issued server command: /heal
[17:23:23] [Server thread/INFO]: Lencher issued server command: /fly Pastarmata
[17:23:32] [Server thread/INFO]: Lencher issued server command: /fly
[17:23:37] [Server thread/INFO]: Lencher issued server command: /heal
[17:24:13] [Server thread/INFO]: Lencher issued server command: /gm 1
[17:24:31] [Server thread/INFO]: Lencher issued server command: /gm 0
[17:24:41] [Server thread/INFO]: Lencher issued server command: /gm 1
[17:24:49] [Server thread/INFO]: Lencher issued server command: /gm 9
[17:24:51] [Server thread/INFO]: Lencher issued server command: /gm 0
[17:25:01] [Server thread/INFO]: Lencher was slain by Pastarmata
[17:25:06] [Server thread/INFO]: Lencher issued server command: /tp Pastarmata
[17:25:11] [Server thread/INFO]: Lencher issued server command: /gm 1
[17:25:21] [Server thread/INFO]: Lencher issued server command: /gm 0
[17:25:35] [Server thread/INFO]: Lencher issued server command: /gm 1
[17:25:40] [Server thread/INFO]: Lencher issued server command: /gm 0
[17:25:53] [Server thread/INFO]: Lencher issued server command: /hat wear
[17:25:57] [Server thread/INFO]: Lencher issued server command: /hat wear
[17:26:08] [Server thread/INFO]: Lencher issued server command: /invsee Pastarmata
[17:26:18] [Server thread/INFO]: Lencher issued server command: /gm 1
[17:26:44] [Server thread/INFO]: Lencher issued server command: /hat wear
[17:27:43] [Server thread/INFO]: Lencher issued server command: /gm 3
[17:27:55] [Server thread/INFO]: Lencher issued server command: /tphere Pastarmata
[17:28:27] [Server thread/INFO]: Lencher issued server command: /top
[17:29:27] [Server thread/INFO]: Lencher issued server command: /gm 1
[17:29:36] [Server thread/INFO]: Lencher issued server command: /gm 0
[17:30:26] [Server thread/INFO]: Lencher issued server command: /deop Lencher
[17:30:26] [Server thread/INFO]: [Lencher: Made Lencher no longer a server operator]
[17:31:24] [Server thread/INFO]: Lencher lost connection: Disconnected
[17:31:24] [Server thread/INFO]: Lencher left the game
[17:31:25] [Server thread/INFO]: Pastarmata lost connection: Disconnected
[17:31:25] [Server thread/INFO]: Pastarmata left the game
