[15:33:14] [main/INFO]: Environment: authHost='https://authserver.mojang.com', accountsHost='https://api.mojang.com', sessionHost='https://sessionserver.mojang.com', servicesHost='https://api.minecraftservices.com', name='PROD'
[15:33:15] [main/INFO]: Reloading ResourceManager: Default, bukkit
[15:33:16] [Worker-Main-4/INFO]: Loaded 7 recipes
[15:33:18] [Server thread/INFO]: Starting minecraft server version 1.17
[15:33:18] [Server thread/INFO]: Loading properties
[15:33:19] [Server thread/INFO]: This server is running CraftBukkit version 3170-Spigot-a483d2c-ec116f6 (MC: 1.17) (Implementing API version 1.17-R0.1-SNAPSHOT)
[15:33:19] [Server thread/INFO]: Debug logging is disabled
[15:33:19] [Server thread/INFO]: Server Ping Player Sample Count: 12
[15:33:19] [Server thread/INFO]: Using 4 threads for Netty based IO
[15:33:19] [Server thread/INFO]: Default game type: SURVIVAL
[15:33:19] [Server thread/INFO]: Generating keypair
[15:33:19] [Server thread/INFO]: Starting Minecraft server on *:25565
[15:33:19] [Server thread/INFO]: Using epoll channel type
[15:33:21] [Server thread/INFO]: [PsudoCommand] Loading PsudoCommand v1.0.14
[15:33:21] [Server thread/INFO]: [keycard] Loading keycard v2.0.0
[15:33:21] [Server thread/INFO]: [Emotes] Loading Emotes v1.0.4 - build 33
[15:33:21] [Server thread/INFO]: [Skoice] Loading Skoice v2.0.2
[15:33:21] [Server thread/INFO]: [ClearLag] Loading ClearLag v3.2.2
[15:33:21] [Server thread/INFO]: [ViaVersion] Loading ViaVersion v4.0.1
[15:33:21] [Server thread/INFO]: [ViaVersion] ViaVersion 4.0.1 is now loaded, injecting!
[15:33:22] [Via-Mappingloader-0/INFO]: [ViaVersion] Loading 1.12 -> 1.13 mappings...
[15:33:22] [Via-Mappingloader-1/INFO]: [ViaVersion] Loading 1.13 -> 1.13.2 mappings...
[15:33:22] [Via-Mappingloader-2/INFO]: [ViaVersion] Loading 1.13.2 -> 1.14 mappings...
[15:33:22] [Via-Mappingloader-3/INFO]: [ViaVersion] Loading 1.14 -> 1.15 mappings...
[15:33:22] [Via-Mappingloader-0/INFO]: [ViaVersion] Loading block connection mappings ...
[15:33:22] [Via-Mappingloader-4/INFO]: [ViaVersion] Loading 1.15 -> 1.16 mappings...
[15:33:22] [Via-Mappingloader-1/INFO]: [ViaVersion] Loading 1.16 -> 1.16.2 mappings...
[15:33:22] [Via-Mappingloader-3/INFO]: [ViaVersion] Loading 1.16.2 -> 1.17 mappings...
[15:33:22] [Server thread/INFO]: [Vault] Loading Vault v1.7.3-b131
[15:33:22] [Server thread/INFO]: [ViaBackwards] Loading ViaBackwards v4.0.1
[15:33:22] [Server thread/INFO]: [ViaBackwards] Loading translations...
[15:33:22] [Via-Mappingloader-4/INFO]: [ViaBackwards] Loading 1.10 -> 1.9.4 mappings...
[15:33:22] [Via-Mappingloader-3/INFO]: [ViaBackwards] Loading 1.11 -> 1.10 mappings...
[15:33:23] [Via-Mappingloader-1/INFO]: [ViaBackwards] Loading 1.13 -> 1.12 mappings...
[15:33:23] [Via-Mappingloader-0/INFO]: [ViaBackwards] Loading 1.13.2 -> 1.13 mappings...
[15:33:23] [Via-Mappingloader-0/INFO]: [ViaBackwards] Loading 1.14 -> 1.13.2 mappings...
[15:33:23] [Via-Mappingloader-1/INFO]: [ViaBackwards] Loading 1.15 -> 1.14 mappings...
[15:33:23] [Via-Mappingloader-1/INFO]: [ViaBackwards] Loading 1.16 -> 1.15 mappings...
[15:33:23] [Via-Mappingloader-0/INFO]: [ViaBackwards] Loading 1.16.2 -> 1.16 mappings...
[15:33:23] [Via-Mappingloader-0/INFO]: [ViaBackwards] Loading 1.17 -> 1.16.2 mappings...
[15:33:23] [Server thread/INFO]: [WorldEdit] Loading WorldEdit v7.2.7+9f3e795
[15:33:24] [Server thread/INFO]: Got request to register class com.sk89q.worldedit.bukkit.BukkitServerInterface with WorldEdit [com.sk89q.worldedit.extension.platform.PlatformManager@2b8dd857]
[15:33:24] [Server thread/INFO]: [Essentials] Loading Essentials v2.19.1-dev+29-78c846a
[15:33:24] [Server thread/INFO]: [Vehicles] Loading Vehicles v12.0
[15:33:24] [Server thread/INFO]: [WorldGuard] Loading WorldGuard v7.0.6+1cff55f
[15:33:24] [Server thread/INFO]: [SignShop] Loading SignShop v3.5.0
[15:33:24] [Server thread/INFO]: [Vault] Enabling Vault v1.7.3-b131
[15:33:24] [Server thread/WARN]: [Vault] Loaded class com.earth2me.essentials.api.Economy from Essentials v2.19.1-dev+29-78c846a which is not a depend, softdepend or loadbefore of this plugin.
[15:33:24] [Server thread/INFO]: [Vault] [Economy] Essentials Economy found: Waiting
[15:33:24] [Server thread/INFO]: [Vault] [Permission] SuperPermissions loaded as backup permission system.
[15:33:24] [Server thread/INFO]: [Vault] Enabled Version 1.7.3-b131
[15:33:24] [Server thread/INFO]: [WorldEdit] Enabling WorldEdit v7.2.7+9f3e795
[15:33:25] [Server thread/INFO]: Registering commands with com.sk89q.worldedit.bukkit.BukkitServerInterface
[15:33:25] [Server thread/INFO]: WEPIF: Vault detected! Using Vault for permissions
[15:33:25] [Server thread/INFO]: Using com.sk89q.worldedit.bukkit.adapter.impl.Spigot_v1_17_R1 as the Bukkit adapter
[15:33:27] [Server thread/INFO]: [WorldEdit] ====================================================
[15:33:27] [Server thread/INFO]: [WorldEdit]  WorldEdit works better if you use Paper 
[15:33:27] [Server thread/INFO]: [WorldEdit]  as your server software. 
[15:33:27] [Server thread/INFO]: [WorldEdit]   
[15:33:27] [Server thread/INFO]: [WorldEdit]  Paper offers significant performance improvements,
[15:33:27] [Server thread/INFO]: [WorldEdit]  bug fixes, security enhancements and optional
[15:33:27] [Server thread/INFO]: [WorldEdit]  features for server owners to enhance their server.
[15:33:27] [Server thread/INFO]: [WorldEdit]   
[15:33:27] [Server thread/INFO]: [WorldEdit]  Paper includes Timings v2, which is significantly
[15:33:27] [Server thread/INFO]: [WorldEdit]  better at diagnosing lag problems over v1.
[15:33:27] [Server thread/INFO]: [WorldEdit]   
[15:33:27] [Server thread/INFO]: [WorldEdit]  All of your plugins should still work, and the
[15:33:27] [Server thread/INFO]: [WorldEdit]  Paper community will gladly help you fix any issues.
[15:33:27] [Server thread/INFO]: [WorldEdit]   
[15:33:27] [Server thread/INFO]: [WorldEdit]  Join the Paper Community @ https://papermc.io
[15:33:27] [Server thread/INFO]: [WorldEdit] ====================================================
[15:33:27] [Server thread/WARN]: **** SERVER IS RUNNING IN OFFLINE/INSECURE MODE!
[15:33:27] [Server thread/WARN]: The server will make no attempt to authenticate usernames. Beware.
[15:33:27] [Server thread/WARN]: While this makes the game possible to play without internet access, it also opens up the ability for hackers to connect with any username they choose.
[15:33:27] [Server thread/WARN]: To change this, set "online-mode" to "true" in the server.properties file.
[15:33:27] [Server thread/INFO]: Preparing level "world"
[15:33:27] [Server thread/INFO]: -------- World Settings For [world] --------
[15:33:27] [Server thread/INFO]: Entity Activation Range: An 32 / Mo 32 / Ra 48 / Mi 16 / Tiv true
[15:33:27] [Server thread/INFO]: Hopper Transfer: 8 Hopper Check: 1 Hopper Amount: 1
[15:33:27] [Server thread/INFO]: Custom Map Seeds:  Village: 10387312 Desert: 14357617 Igloo: 14357618 Jungle: 14357619 Swamp: 14357620 Monument: 10387313 Ocean: 14357621 Shipwreck: 165745295 End City: 10387313 Slime: 987234911 Bastion: 30084232 Fortress: 30084232 Mansion: 10387319 Fossil: 14357921 Portal: 34222645
[15:33:27] [Server thread/INFO]: Max TNT Explosions: 100
[15:33:27] [Server thread/INFO]: Tile Max Tick Time: 50ms Entity max Tick Time: 50ms
[15:33:27] [Server thread/INFO]: Mob Spawn Range: 6
[15:33:27] [Server thread/INFO]: Cactus Growth Modifier: 100%
[15:33:27] [Server thread/INFO]: Cane Growth Modifier: 100%
[15:33:27] [Server thread/INFO]: Melon Growth Modifier: 100%
[15:33:27] [Server thread/INFO]: Mushroom Growth Modifier: 100%
[15:33:27] [Server thread/INFO]: Pumpkin Growth Modifier: 100%
[15:33:27] [Server thread/INFO]: Sapling Growth Modifier: 100%
[15:33:27] [Server thread/INFO]: Beetroot Growth Modifier: 100%
[15:33:27] [Server thread/INFO]: Carrot Growth Modifier: 100%
[15:33:27] [Server thread/INFO]: Potato Growth Modifier: 100%
[15:33:27] [Server thread/INFO]: Wheat Growth Modifier: 100%
[15:33:27] [Server thread/INFO]: NetherWart Growth Modifier: 100%
[15:33:27] [Server thread/INFO]: Vine Growth Modifier: 100%
[15:33:27] [Server thread/INFO]: Cocoa Growth Modifier: 100%
[15:33:27] [Server thread/INFO]: Bamboo Growth Modifier: 100%
[15:33:27] [Server thread/INFO]: SweetBerry Growth Modifier: 100%
[15:33:27] [Server thread/INFO]: Kelp Growth Modifier: 100%
[15:33:27] [Server thread/INFO]: Experience Merge Radius: 3.0
[15:33:27] [Server thread/INFO]: Entity Tracking Range: Pl 48 / An 48 / Mo 48 / Mi 32 / Other 64
[15:33:27] [Server thread/INFO]: Allow Zombie Pigmen to spawn from portal blocks: true
[15:33:27] [Server thread/INFO]: Item Despawn Rate: 6000
[15:33:27] [Server thread/INFO]: Item Merge Radius: 2.5
[15:33:27] [Server thread/INFO]: View Distance: 10
[15:33:27] [Server thread/INFO]: Arrow Despawn Rate: 1200 Trident Respawn Rate:1200
[15:33:27] [Server thread/INFO]: Zombie Aggressive Towards Villager: true
[15:33:27] [Server thread/INFO]: Nerfing mobs spawned from spawners: false
[15:33:28] [Server thread/INFO]: -------- World Settings For [world_nether] --------
[15:33:28] [Server thread/INFO]: Entity Activation Range: An 32 / Mo 32 / Ra 48 / Mi 16 / Tiv true
[15:33:28] [Server thread/INFO]: Hopper Transfer: 8 Hopper Check: 1 Hopper Amount: 1
[15:33:28] [Server thread/INFO]: Custom Map Seeds:  Village: 10387312 Desert: 14357617 Igloo: 14357618 Jungle: 14357619 Swamp: 14357620 Monument: 10387313 Ocean: 14357621 Shipwreck: 165745295 End City: 10387313 Slime: 987234911 Bastion: 30084232 Fortress: 30084232 Mansion: 10387319 Fossil: 14357921 Portal: 34222645
[15:33:28] [Server thread/INFO]: Max TNT Explosions: 100
[15:33:28] [Server thread/INFO]: Tile Max Tick Time: 50ms Entity max Tick Time: 50ms
[15:33:28] [Server thread/INFO]: Mob Spawn Range: 6
[15:33:28] [Server thread/INFO]: Cactus Growth Modifier: 100%
[15:33:28] [Server thread/INFO]: Cane Growth Modifier: 100%
[15:33:28] [Server thread/INFO]: Melon Growth Modifier: 100%
[15:33:28] [Server thread/INFO]: Mushroom Growth Modifier: 100%
[15:33:28] [Server thread/INFO]: Pumpkin Growth Modifier: 100%
[15:33:28] [Server thread/INFO]: Sapling Growth Modifier: 100%
[15:33:28] [Server thread/INFO]: Beetroot Growth Modifier: 100%
[15:33:28] [Server thread/INFO]: Carrot Growth Modifier: 100%
[15:33:28] [Server thread/INFO]: Potato Growth Modifier: 100%
[15:33:28] [Server thread/INFO]: Wheat Growth Modifier: 100%
[15:33:28] [Server thread/INFO]: NetherWart Growth Modifier: 100%
[15:33:28] [Server thread/INFO]: Vine Growth Modifier: 100%
[15:33:28] [Server thread/INFO]: Cocoa Growth Modifier: 100%
[15:33:28] [Server thread/INFO]: Bamboo Growth Modifier: 100%
[15:33:28] [Server thread/INFO]: SweetBerry Growth Modifier: 100%
[15:33:28] [Server thread/INFO]: Kelp Growth Modifier: 100%
[15:33:28] [Server thread/INFO]: Experience Merge Radius: 3.0
[15:33:28] [Server thread/INFO]: Entity Tracking Range: Pl 48 / An 48 / Mo 48 / Mi 32 / Other 64
[15:33:28] [Server thread/INFO]: Allow Zombie Pigmen to spawn from portal blocks: true
[15:33:28] [Server thread/INFO]: Item Despawn Rate: 6000
[15:33:28] [Server thread/INFO]: Item Merge Radius: 2.5
[15:33:28] [Server thread/INFO]: View Distance: 10
[15:33:28] [Server thread/INFO]: Arrow Despawn Rate: 1200 Trident Respawn Rate:1200
[15:33:28] [Server thread/INFO]: Zombie Aggressive Towards Villager: true
[15:33:28] [Server thread/INFO]: Nerfing mobs spawned from spawners: false
[15:33:28] [Server thread/INFO]: -------- World Settings For [world_the_end] --------
[15:33:28] [Server thread/INFO]: Entity Activation Range: An 32 / Mo 32 / Ra 48 / Mi 16 / Tiv true
[15:33:28] [Server thread/INFO]: Hopper Transfer: 8 Hopper Check: 1 Hopper Amount: 1
[15:33:28] [Server thread/INFO]: Custom Map Seeds:  Village: 10387312 Desert: 14357617 Igloo: 14357618 Jungle: 14357619 Swamp: 14357620 Monument: 10387313 Ocean: 14357621 Shipwreck: 165745295 End City: 10387313 Slime: 987234911 Bastion: 30084232 Fortress: 30084232 Mansion: 10387319 Fossil: 14357921 Portal: 34222645
[15:33:28] [Server thread/INFO]: Max TNT Explosions: 100
[15:33:28] [Server thread/INFO]: Tile Max Tick Time: 50ms Entity max Tick Time: 50ms
[15:33:28] [Server thread/INFO]: Mob Spawn Range: 6
[15:33:28] [Server thread/INFO]: Cactus Growth Modifier: 100%
[15:33:28] [Server thread/INFO]: Cane Growth Modifier: 100%
[15:33:28] [Server thread/INFO]: Melon Growth Modifier: 100%
[15:33:28] [Server thread/INFO]: Mushroom Growth Modifier: 100%
[15:33:28] [Server thread/INFO]: Pumpkin Growth Modifier: 100%
[15:33:28] [Server thread/INFO]: Sapling Growth Modifier: 100%
[15:33:28] [Server thread/INFO]: Beetroot Growth Modifier: 100%
[15:33:28] [Server thread/INFO]: Carrot Growth Modifier: 100%
[15:33:28] [Server thread/INFO]: Potato Growth Modifier: 100%
[15:33:28] [Server thread/INFO]: Wheat Growth Modifier: 100%
[15:33:28] [Server thread/INFO]: NetherWart Growth Modifier: 100%
[15:33:28] [Server thread/INFO]: Vine Growth Modifier: 100%
[15:33:28] [Server thread/INFO]: Cocoa Growth Modifier: 100%
[15:33:28] [Server thread/INFO]: Bamboo Growth Modifier: 100%
[15:33:28] [Server thread/INFO]: SweetBerry Growth Modifier: 100%
[15:33:28] [Server thread/INFO]: Kelp Growth Modifier: 100%
[15:33:28] [Server thread/INFO]: Experience Merge Radius: 3.0
[15:33:28] [Server thread/INFO]: Entity Tracking Range: Pl 48 / An 48 / Mo 48 / Mi 32 / Other 64
[15:33:28] [Server thread/INFO]: Allow Zombie Pigmen to spawn from portal blocks: true
[15:33:28] [Server thread/INFO]: Item Despawn Rate: 6000
[15:33:28] [Server thread/INFO]: Item Merge Radius: 2.5
[15:33:28] [Server thread/INFO]: View Distance: 10
[15:33:28] [Server thread/INFO]: Arrow Despawn Rate: 1200 Trident Respawn Rate:1200
[15:33:28] [Server thread/INFO]: Zombie Aggressive Towards Villager: true
[15:33:28] [Server thread/INFO]: Nerfing mobs spawned from spawners: false
[15:33:28] [Server thread/INFO]: Preparing start region for dimension minecraft:overworld
[15:33:29] [Worker-Main-4/INFO]: Preparing spawn area: 0%
[15:33:29] [Worker-Main-5/INFO]: Preparing spawn area: 0%
[15:33:29] [Worker-Main-5/INFO]: Preparing spawn area: 0%
[15:33:29] [Worker-Main-6/INFO]: Preparing spawn area: 0%
[15:33:30] [Worker-Main-5/INFO]: Preparing spawn area: 0%
[15:33:30] [Worker-Main-6/INFO]: Preparing spawn area: 4%
[15:33:31] [Worker-Main-5/INFO]: Preparing spawn area: 4%
[15:33:32] [Worker-Main-6/INFO]: Preparing spawn area: 4%
[15:33:32] [Worker-Main-6/INFO]: Preparing spawn area: 4%
[15:33:33] [Worker-Main-6/INFO]: Preparing spawn area: 4%
[15:33:35] [Worker-Main-5/INFO]: Preparing spawn area: 4%
[15:33:35] [Worker-Main-5/INFO]: Preparing spawn area: 4%
[15:33:35] [Worker-Main-5/INFO]: Preparing spawn area: 4%
[15:33:36] [Worker-Main-5/INFO]: Preparing spawn area: 4%
[15:33:36] [Worker-Main-5/INFO]: Preparing spawn area: 4%
[15:33:36] [Worker-Main-5/INFO]: Preparing spawn area: 4%
[15:33:36] [Worker-Main-5/INFO]: Preparing spawn area: 4%
[15:33:37] [Worker-Main-4/INFO]: Preparing spawn area: 4%
[15:33:37] [Worker-Main-6/INFO]: Preparing spawn area: 4%
[15:33:37] [Worker-Main-4/INFO]: Preparing spawn area: 12%
[15:33:38] [Worker-Main-5/INFO]: Preparing spawn area: 15%
[15:33:39] [Worker-Main-5/INFO]: Preparing spawn area: 34%
[15:33:39] [Worker-Main-4/INFO]: Preparing spawn area: 48%
[15:33:39] [Worker-Main-6/INFO]: Preparing spawn area: 77%
[15:33:40] [Server thread/INFO]: Time elapsed: 12363 ms
[15:33:40] [Server thread/INFO]: Preparing start region for dimension minecraft:the_nether
[15:33:40] [Worker-Main-6/INFO]: Preparing spawn area: 0%
[15:33:41] [Worker-Main-4/INFO]: Preparing spawn area: 0%
[15:33:41] [Worker-Main-6/INFO]: Preparing spawn area: 1%
[15:33:42] [Worker-Main-5/INFO]: Preparing spawn area: 24%
[15:33:42] [Worker-Main-6/INFO]: Preparing spawn area: 60%
[15:33:43] [Worker-Main-4/INFO]: Preparing spawn area: 68%
[15:33:43] [Worker-Main-5/INFO]: Preparing spawn area: 70%
[15:33:44] [Worker-Main-5/INFO]: Preparing spawn area: 72%
[15:33:44] [Worker-Main-4/INFO]: Preparing spawn area: 75%
[15:33:45] [Worker-Main-6/INFO]: Preparing spawn area: 82%
[15:33:45] [Worker-Main-6/INFO]: Preparing spawn area: 83%
[15:33:46] [Worker-Main-6/INFO]: Preparing spawn area: 87%
[15:33:46] [Worker-Main-4/INFO]: Preparing spawn area: 91%
[15:33:47] [Worker-Main-6/INFO]: Preparing spawn area: 92%
[15:33:47] [Worker-Main-4/INFO]: Preparing spawn area: 98%
[15:33:47] [Server thread/INFO]: Time elapsed: 7113 ms
[15:33:47] [Server thread/INFO]: Preparing start region for dimension minecraft:the_end
[15:33:48] [Worker-Main-6/INFO]: Preparing spawn area: 0%
[15:33:48] [Worker-Main-6/INFO]: Preparing spawn area: 0%
[15:33:48] [Worker-Main-4/INFO]: Preparing spawn area: 11%
[15:33:49] [Worker-Main-6/INFO]: Preparing spawn area: 75%
[15:33:49] [Worker-Main-6/INFO]: Preparing spawn area: 93%
[15:33:50] [Server thread/INFO]: Time elapsed: 2486 ms
[15:33:50] [Server thread/INFO]: [PsudoCommand] Enabling PsudoCommand v1.0.14
[15:33:50] [Server thread/INFO]: [keycard] Enabling keycard v2.0.0
[15:33:50] [Server thread/INFO]: [Emotes] Enabling Emotes v1.0.4 - build 33
[15:33:50] [Server thread/INFO]: [Emotes] Found Config.yml
[15:33:50] [Server thread/INFO]: [Emotes] Found Emotes.yml
[15:33:50] [Server thread/INFO]: [Emotes] Thank you for enabling metrics - if you want to opt-out from statistic tracking, disable it in the config.
[15:33:50] [Server thread/INFO]: [Emotes] Default emotes are enabled!
[15:33:50] [Server thread/INFO]: [Emotes] Emotes v1.0.4 - build 33 has been enabled!
[15:33:50] [Server thread/INFO]: [Skoice] Enabling Skoice v2.0.2
[15:33:50] [Server thread/INFO]: [Skoice] Plugin enabled!
[15:33:50] [Server thread/INFO]: [Skoice] §eChecking Version Now!
[15:33:52] [Server thread/INFO]: Login Successful!
[15:33:52] [JDA MainWS-ReadThread/INFO]: Connected to WebSocket
[15:33:52] [JDA MainWS-ReadThread/INFO]: Finished Loading!
[15:33:52] [Server thread/INFO]: [Skoice] JDA is running!
[15:33:53] [Server thread/INFO]: [ClearLag] Enabling ClearLag v3.2.2
[15:33:53] [Server thread/INFO]: [ClearLag] Using version-adapter: LatestVersionAdapter
[15:33:53] [Server thread/INFO]: [ClearLag] Loading modules...
[15:33:53] [Server thread/WARN]: [ClearLag] Clearlag failed to use the internal TPS tracker during initialization. Reverted to estimation... (net.minecraft.server.v1_17_R1.MinecraftServer)
[15:33:53] [Server thread/INFO]: [ClearLag] Modules enabed, loading config values
[15:33:53] [Server thread/INFO]: [ClearLag] Modules have been loaded!
[15:33:53] [Server thread/INFO]: [ClearLag] Clearlag is now enabled!
[15:33:53] [Server thread/INFO]: [ViaVersion] Enabling ViaVersion v4.0.1
[15:33:53] [Thread-17/INFO]: [ClearLag] Checking for updates compatible with your bukkit version [1.17]...
[15:33:53] [Server thread/INFO]: [ViaBackwards] Enabling ViaBackwards v4.0.1
[15:33:53] [Server thread/INFO]: [Essentials] Enabling Essentials v2.19.1-dev+29-78c846a
[15:33:53] [Server thread/ERROR]: [Essentials] You are running an unsupported server version!
[15:33:53] [Thread-17/INFO]: [ClearLag] No updates found!
[15:33:53] [Server thread/INFO]: Attempting to convert old kits in config.yml to new kits.yml
[15:33:53] [Server thread/INFO]: No kits found to migrate.
[15:33:54] [Server thread/INFO]: Loaded 36837 items from items.json.
[15:33:54] [Server thread/INFO]: Using locale en
[15:33:54] [Server thread/INFO]: [Essentials] ServerListPingEvent: Spigot iterator API
[15:33:54] [Server thread/INFO]: [Essentials] Starting Metrics. Opt-out using the global bStats config.
[15:33:54] [Server thread/INFO]: [Vault] [Economy] Essentials Economy hooked.
[15:33:54] [Server thread/INFO]: [Essentials] Using superperms-based permissions.
[15:33:54] [Server thread/INFO]: [Vehicles] Enabling Vehicles v12.0
[15:33:54] [Server thread/INFO]: Vehicles >> lang.yml loaded.
[15:33:55] [Server thread/INFO]: [WorldGuard] Enabling WorldGuard v7.0.6+1cff55f
[15:33:55] [Server thread/INFO]: [WorldGuard] (world) TNT ignition is PERMITTED.
[15:33:55] [Server thread/INFO]: [WorldGuard] (world) Lighters are PERMITTED.
[15:33:55] [Server thread/INFO]: [WorldGuard] (world) Lava fire is PERMITTED.
[15:33:55] [Server thread/INFO]: [WorldGuard] (world) Fire spread is UNRESTRICTED.
[15:33:55] [Server thread/INFO]: [WorldGuard] Loaded configuration for world 'world'
[15:33:55] [Server thread/INFO]: [WorldGuard] (world_nether) TNT ignition is PERMITTED.
[15:33:55] [Server thread/INFO]: [WorldGuard] (world_nether) Lighters are PERMITTED.
[15:33:55] [Server thread/INFO]: [WorldGuard] (world_nether) Lava fire is PERMITTED.
[15:33:55] [Server thread/INFO]: [WorldGuard] (world_nether) Fire spread is UNRESTRICTED.
[15:33:55] [Server thread/INFO]: [WorldGuard] Loaded configuration for world 'world_nether'
[15:33:55] [Server thread/INFO]: [WorldGuard] (world_the_end) TNT ignition is PERMITTED.
[15:33:55] [Server thread/INFO]: [WorldGuard] (world_the_end) Lighters are PERMITTED.
[15:33:55] [Server thread/INFO]: [WorldGuard] (world_the_end) Lava fire is PERMITTED.
[15:33:55] [Server thread/INFO]: [WorldGuard] (world_the_end) Fire spread is UNRESTRICTED.
[15:33:55] [Server thread/INFO]: [WorldGuard] Loaded configuration for world 'world_the_end'
[15:33:55] [Server thread/INFO]: [WorldGuard] Loading region data...
[15:33:55] [Server thread/INFO]: [SignShop] Enabling SignShop v3.5.0
[15:33:56] [Server thread/INFO]: [SignShop] Checking data version.
[15:33:56] [Server thread/INFO]: [SignShop] Your data is current.
[15:33:56] [Server thread/INFO]: [SignShop] Vault's permissions not found, defaulting to OP.
[15:33:56] [Server thread/INFO]: [SignShop] Using worth information from Essentials.
[15:33:56] [Server thread/INFO]: [SignShop] Thank you for enabling metrics!
[15:33:56] [Server thread/INFO]: [SignShop] v3.5.0 Enabled
[15:33:56] [Server thread/INFO]: Server permissions file permissions.yml is empty, ignoring it
[15:33:57] [Server thread/INFO]: Done (30.264s)! For help, type "help"
[15:33:57] [Server thread/INFO]: [ViaVersion] ViaVersion detected server version: 1.17 (755)
[15:33:57] [Server thread/INFO]: [Essentials] Essentials found a compatible payment resolution method: Vault Compatibility Layer (v1.7.3-b131)!
[15:33:57] [Craft Scheduler Thread - 2/INFO]: [Essentials] §6Fetching version information...
[15:33:57] [Craft Scheduler Thread - 1/INFO]: [Vault] Checking for Updates ... 
[15:33:57] [Craft Scheduler Thread - 1/INFO]: [Vault] No new version available
[15:33:57] [Server thread/INFO]: [ViaVersion] Finished mapping loading, shutting down loader executor!
[15:33:57] [Server thread/WARN]: [ViaVersion] There is a newer plugin version available: 4.1.1, you're on: 4.0.1
[15:33:57] [Craft Scheduler Thread - 2/WARN]: [Essentials] §4You're §c35 §4EssentialsX dev build(s) out of date!
[15:33:57] [Craft Scheduler Thread - 2/WARN]: [Essentials] §4Download it here:§c https://essentialsx.net/downloads.html
[18:08:08] [Server thread/INFO]: Stopping the server
[18:08:08] [Server thread/INFO]: Stopping server
[18:08:08] [Server thread/INFO]: [SignShop] Disabling SignShop v3.5.0
[18:08:08] [Server thread/INFO]: [SignShop] Successfully cancelled async sellers.yml save task with ID: 19
[18:08:08] [Server thread/INFO]: [SignShop] Successfully cancelled async timing.yml save task with ID: 20
[18:08:08] [Server thread/INFO]: [SignShop] Disabled
[18:08:08] [Server thread/INFO]: [WorldGuard] Disabling WorldGuard v7.0.6+1cff55f
[18:08:08] [Server thread/INFO]: [WorldGuard] Shutting down executor and cancelling any pending tasks...
[18:08:08] [Server thread/INFO]: [Vehicles] Disabling Vehicles v12.0
[18:08:08] [Server thread/INFO]: [Essentials] Disabling Essentials v2.19.1-dev+29-78c846a
[18:08:08] [Server thread/INFO]: [Vault] [Economy] Essentials Economy unhooked.
[18:08:08] [Server thread/INFO]: [WorldEdit] Disabling WorldEdit v7.2.7+9f3e795
[18:08:08] [Server thread/INFO]: Unregistering com.sk89q.worldedit.bukkit.BukkitServerInterface from WorldEdit
[18:08:08] [Server thread/INFO]: [ViaBackwards] Disabling ViaBackwards v4.0.1
[18:08:08] [Server thread/INFO]: [Vault] Disabling Vault v1.7.3-b131
[18:08:08] [Server thread/INFO]: [ViaVersion] Disabling ViaVersion v4.0.1
[18:08:08] [Server thread/INFO]: [ViaVersion] ViaVersion is disabling, if this is a reload and you experience issues consider rebooting.
[18:08:08] [Server thread/INFO]: [ClearLag] Disabling ClearLag v3.2.2
[18:08:08] [Server thread/INFO]: [ClearLag] Clearlag is now disabled!
[18:08:08] [Server thread/INFO]: [Skoice] Disabling Skoice v2.0.2
[18:08:08] [Server thread/INFO]: [Skoice] Plugin disabled!
[18:08:08] [Server thread/INFO]: [Emotes] Disabling Emotes v1.0.4 - build 33
[18:08:08] [Server thread/INFO]: [Emotes] Emotes has been disabled!
[18:08:08] [Server thread/INFO]: [keycard] Disabling keycard v2.0.0
[18:08:08] [Server thread/INFO]: [PsudoCommand] Disabling PsudoCommand v1.0.14
[18:08:08] [Server thread/INFO]: Saving players
[18:08:08] [Server thread/INFO]: Saving worlds
[18:08:08] [Server thread/INFO]: Saving chunks for level 'ServerLevel[world]'/minecraft:overworld
[18:08:08] [Server thread/INFO]: ThreadedAnvilChunkStorage (world): All chunks are saved
[18:08:08] [Server thread/INFO]: Saving chunks for level 'ServerLevel[world_nether]'/minecraft:the_nether
[18:08:08] [Server thread/INFO]: ThreadedAnvilChunkStorage (DIM-1): All chunks are saved
[18:08:08] [Server thread/INFO]: Saving chunks for level 'ServerLevel[world_the_end]'/minecraft:the_end
[18:08:08] [Server thread/INFO]: ThreadedAnvilChunkStorage (DIM1): All chunks are saved
[18:08:08] [Server thread/INFO]: ThreadedAnvilChunkStorage (world): All chunks are saved
[18:08:08] [Server thread/INFO]: ThreadedAnvilChunkStorage (DIM-1): All chunks are saved
[18:08:08] [Server thread/INFO]: ThreadedAnvilChunkStorage (DIM1): All chunks are saved
